pulling image ghcr.io/chains-project/breaking-updates:18102f7a87e7ab8308a86208d47696c060110d0c-pre
created container for ghcr.io/chains-project/breaking-updates:18102f7a87e7ab8308a86208d47696c060110d0c-pre container id e1c80bd0841c7eb0dd5e79cbaa80200ba2937e82931fed1edaeb594d50ca8bc9
pulling image ghcr.io/chains-project/breaking-updates:164ee160adc0f663c2069bdbfcdd60e8596327b8-pre
created container for ghcr.io/chains-project/breaking-updates:164ee160adc0f663c2069bdbfcdd60e8596327b8-pre container id d0368055b2cb38138b25620423f0746fa56a6efa08ef40a39dc8dfc688eb23d1
created container for ghcr.io/chains-project/breaking-updates:164ee160adc0f663c2069bdbfcdd60e8596327b8-pre container id e1670275f280f41f0ad92c278d200c67ddaa9ba600fe65a2c8e7e10f300a5b9f
pulling image ghcr.io/chains-project/breaking-updates:164ee160adc0f663c2069bdbfcdd60e8596327b8-pre
created container for ghcr.io/chains-project/breaking-updates:164ee160adc0f663c2069bdbfcdd60e8596327b8-pre container id 86bad6b8508cd491f156a47a57a0d877771849c07d4947856a98e2ff195eb794
Docker reproduce 190934 milisegundos. y size  417327406
removing image ghcr.io/chains-project/breaking-updates:164ee160adc0f663c2069bdbfcdd60e8596327b8-pre
container already stopped
pulling image ghcr.io/chains-project/breaking-updates:164ee160adc0f663c2069bdbfcdd60e8596327b8-breaking
created container for ghcr.io/chains-project/breaking-updates:164ee160adc0f663c2069bdbfcdd60e8596327b8-breaking container id d061d8649c32065ba592e2a6b009d419f52991cf30dea9deb3ef211d4e6d312c
Docker reproduce 2929 milisegundos. y size  299765818
removing image ghcr.io/chains-project/breaking-updates:164ee160adc0f663c2069bdbfcdd60e8596327b8-breaking
container already stopped
written to file
created container for ghcr.io/chains-project/breaking-updates:164ee160adc0f663c2069bdbfcdd60e8596327b8-pre container id 9070c9817d626cb055b5bc413a4c7e2a45b921b724bb16e3e1e51faeeab95c33
Docker reproduce 190050 milisegundos. y size  417327406
removing image ghcr.io/chains-project/breaking-updates:164ee160adc0f663c2069bdbfcdd60e8596327b8-pre
container already stopped
created container for ghcr.io/chains-project/breaking-updates:164ee160adc0f663c2069bdbfcdd60e8596327b8-breaking container id 9f4b352e96e6260d40d6be7de44ccf88c49fe2bcecd33310f035d947fb5b81c4
Docker reproduce 2977 milisegundos. y size  299765818
removing image ghcr.io/chains-project/breaking-updates:164ee160adc0f663c2069bdbfcdd60e8596327b8-breaking
container already stopped
written to file
created container for ghcr.io/chains-project/breaking-updates:164ee160adc0f663c2069bdbfcdd60e8596327b8-pre container id dc511c92202625760debfd0fa970df047090cbfffcc6adaef24a3d1876c40733
Docker reproduce 191742 milisegundos. y size  417327406
removing image ghcr.io/chains-project/breaking-updates:164ee160adc0f663c2069bdbfcdd60e8596327b8-pre
container already stopped
created container for ghcr.io/chains-project/breaking-updates:164ee160adc0f663c2069bdbfcdd60e8596327b8-breaking container id 5b23497bbaa77281999e5e45d1ee544bd42b32d3c627b12726cf568cf65613df
Docker reproduce 2974 milisegundos. y size  299765818
removing image ghcr.io/chains-project/breaking-updates:164ee160adc0f663c2069bdbfcdd60e8596327b8-breaking
container already stopped
written to file
created container for ghcr.io/chains-project/breaking-updates:164ee160adc0f663c2069bdbfcdd60e8596327b8-pre container id c9cf488cd7e16ea78f8ef16d534c4bc78a85b25218a1498ff6b3b5cfc84ce810
Docker reproduce 189078 milisegundos. y size  417327406
removing image ghcr.io/chains-project/breaking-updates:164ee160adc0f663c2069bdbfcdd60e8596327b8-pre
container already stopped
created container for ghcr.io/chains-project/breaking-updates:164ee160adc0f663c2069bdbfcdd60e8596327b8-breaking container id f76c2fe8fbc37791c2c1feb85578addb9329d209edc982688e4225a218328ed3
Docker reproduce 2855 milisegundos. y size  299765818
removing image ghcr.io/chains-project/breaking-updates:164ee160adc0f663c2069bdbfcdd60e8596327b8-breaking
container already stopped
written to file
created container for ghcr.io/chains-project/breaking-updates:164ee160adc0f663c2069bdbfcdd60e8596327b8-pre container id 0d6bf3ec666bb9775fcae7cba9050dfc6147826c50781635146be38d4d3182e5
Docker reproduce 188200 milisegundos. y size  417327406
removing image ghcr.io/chains-project/breaking-updates:164ee160adc0f663c2069bdbfcdd60e8596327b8-pre
container already stopped
created container for ghcr.io/chains-project/breaking-updates:164ee160adc0f663c2069bdbfcdd60e8596327b8-breaking container id 3b7dfa9cceca23d90d5bc125a3299476ee4ba5c8be1b97a5c5f9654e4cd1c9de
Docker reproduce 2943 milisegundos. y size  299765818
removing image ghcr.io/chains-project/breaking-updates:164ee160adc0f663c2069bdbfcdd60e8596327b8-breaking
container already stopped
written to file
created container for ghcr.io/chains-project/breaking-updates:164ee160adc0f663c2069bdbfcdd60e8596327b8-pre container id 8322be2f245065375be73229b28879e10ade8e017760a879a173043ae19ecc4a
Docker reproduce 189556 milisegundos. y size  417327406
removing image ghcr.io/chains-project/breaking-updates:164ee160adc0f663c2069bdbfcdd60e8596327b8-pre
container already stopped
created container for ghcr.io/chains-project/breaking-updates:164ee160adc0f663c2069bdbfcdd60e8596327b8-breaking container id 2e0cbfaadc8c1b6548dcb3c1f8849d60d39a9171725c850885683a390981af79
Docker reproduce 3008 milisegundos. y size  299765818
removing image ghcr.io/chains-project/breaking-updates:164ee160adc0f663c2069bdbfcdd60e8596327b8-breaking
container already stopped
written to file
created container for ghcr.io/chains-project/breaking-updates:164ee160adc0f663c2069bdbfcdd60e8596327b8-pre container id 01bb8c539b4ef165bfe88dd9bdda062b03a1385355b79522980db7245ba3ec41
Docker reproduce 189084 milisegundos. y size  417327406
removing image ghcr.io/chains-project/breaking-updates:164ee160adc0f663c2069bdbfcdd60e8596327b8-pre
container already stopped
created container for ghcr.io/chains-project/breaking-updates:164ee160adc0f663c2069bdbfcdd60e8596327b8-breaking container id f36d7c2e77a80bfbe43b4ecd90a79596fba66864cb8e96ceaa0abf346ec04cca
Docker reproduce 2840 milisegundos. y size  299765818
removing image ghcr.io/chains-project/breaking-updates:164ee160adc0f663c2069bdbfcdd60e8596327b8-breaking
container already stopped
written to file
created container for ghcr.io/chains-project/breaking-updates:164ee160adc0f663c2069bdbfcdd60e8596327b8-pre container id e78c4d56b3508cfa0a6fce8f0fc21ef0e8e33ff3cda813254fe68d3efc67ccc4
Docker reproduce 190338 milisegundos. y size  417327406
removing image ghcr.io/chains-project/breaking-updates:164ee160adc0f663c2069bdbfcdd60e8596327b8-pre
container already stopped
created container for ghcr.io/chains-project/breaking-updates:164ee160adc0f663c2069bdbfcdd60e8596327b8-breaking container id 9d132f24f2548016e5c20de62737b322bf42a0fd83c603db622053f8af537ccc
Docker reproduce 3023 milisegundos. y size  299765818
removing image ghcr.io/chains-project/breaking-updates:164ee160adc0f663c2069bdbfcdd60e8596327b8-breaking
container already stopped
written to file
created container for ghcr.io/chains-project/breaking-updates:164ee160adc0f663c2069bdbfcdd60e8596327b8-pre container id 733d085186a3f4fb419ba86c583081cbb9a5a37d284011132830cfd62e1752ed
Docker reproduce 188115 milisegundos. y size  417327406
removing image ghcr.io/chains-project/breaking-updates:164ee160adc0f663c2069bdbfcdd60e8596327b8-pre
container already stopped
created container for ghcr.io/chains-project/breaking-updates:164ee160adc0f663c2069bdbfcdd60e8596327b8-breaking container id 9b8fd95782d9ff3ef5e228c136a9838eff186d7dee0c09065d0f043509d637c6
Docker reproduce 2865 milisegundos. y size  299765818
removing image ghcr.io/chains-project/breaking-updates:164ee160adc0f663c2069bdbfcdd60e8596327b8-breaking
container already stopped
written to file
created container for ghcr.io/chains-project/breaking-updates:164ee160adc0f663c2069bdbfcdd60e8596327b8-pre container id cdc30ad754bc7dbb4e06afaf22464d1746045849e090205a56fe4c9529e3a45a
Docker reproduce 208943 milisegundos. y size  417327406
removing image ghcr.io/chains-project/breaking-updates:164ee160adc0f663c2069bdbfcdd60e8596327b8-pre
container already stopped
created container for ghcr.io/chains-project/breaking-updates:164ee160adc0f663c2069bdbfcdd60e8596327b8-breaking container id 55d3034376f657e00535c97032773e6ed693f6c1bc3f57c407dc4d4d3637ce9b
Docker reproduce 3051 milisegundos. y size  299765818
removing image ghcr.io/chains-project/breaking-updates:164ee160adc0f663c2069bdbfcdd60e8596327b8-breaking
container already stopped
written to file
pulling image ghcr.io/chains-project/breaking-updates:18102f7a87e7ab8308a86208d47696c060110d0c-pre
created container for ghcr.io/chains-project/breaking-updates:18102f7a87e7ab8308a86208d47696c060110d0c-pre container id af19b8478281046de511b5c5516b62e8eb9c60277d7fa730bf67cc19f23ab3ba
Docker reproduce 964258 milisegundos. y size  974152374
removing image ghcr.io/chains-project/breaking-updates:18102f7a87e7ab8308a86208d47696c060110d0c-pre
container already stopped
pulling image ghcr.io/chains-project/breaking-updates:18102f7a87e7ab8308a86208d47696c060110d0c-breaking
created container for ghcr.io/chains-project/breaking-updates:18102f7a87e7ab8308a86208d47696c060110d0c-breaking container id 8fb40a45ad0c0d0ef584e1cfc15839d486ac5e2ee7cf161df53fccbc97e17c6d
Docker reproduce 9176728 milisegundos. y size  938764111
removing image ghcr.io/chains-project/breaking-updates:18102f7a87e7ab8308a86208d47696c060110d0c-breaking
container already stopped
written to file
created container for ghcr.io/chains-project/breaking-updates:18102f7a87e7ab8308a86208d47696c060110d0c-pre container id ae1e9ea637e997d329f1c7635c1424fef673bdc4d49259452e330ea98d0774bc
Docker reproduce 967227 milisegundos. y size  974152374
removing image ghcr.io/chains-project/breaking-updates:18102f7a87e7ab8308a86208d47696c060110d0c-pre
container already stopped
created container for ghcr.io/chains-project/breaking-updates:18102f7a87e7ab8308a86208d47696c060110d0c-breaking container id df7051e1365ba97be406894ce8a8e6370bf453b39930b802158a2387908f34ea
Docker reproduce 9128695 milisegundos. y size  938764111
removing image ghcr.io/chains-project/breaking-updates:18102f7a87e7ab8308a86208d47696c060110d0c-breaking
container already stopped
written to file
created container for ghcr.io/chains-project/breaking-updates:18102f7a87e7ab8308a86208d47696c060110d0c-pre container id 4a38ff90cdfd10a570e0c6dda4545c348f4a2ca694bb6a8be5d5ec9c27743320
Docker reproduce 982151 milisegundos. y size  974152374
removing image ghcr.io/chains-project/breaking-updates:18102f7a87e7ab8308a86208d47696c060110d0c-pre
container already stopped
created container for ghcr.io/chains-project/breaking-updates:18102f7a87e7ab8308a86208d47696c060110d0c-breaking container id 5d560479a5ccbf2758577e5be751d7bdf01547a7268d9541f289b05bf54d373d
Docker reproduce 9269692 milisegundos. y size  938764111
removing image ghcr.io/chains-project/breaking-updates:18102f7a87e7ab8308a86208d47696c060110d0c-breaking
container already stopped
written to file
created container for ghcr.io/chains-project/breaking-updates:18102f7a87e7ab8308a86208d47696c060110d0c-pre container id b3278b19279db38837eaf268ee03c091bb8f893aa0c46eee6155864850043951
Docker reproduce 964752 milisegundos. y size  974152374
removing image ghcr.io/chains-project/breaking-updates:18102f7a87e7ab8308a86208d47696c060110d0c-pre
container already stopped
created container for ghcr.io/chains-project/breaking-updates:18102f7a87e7ab8308a86208d47696c060110d0c-breaking container id a1453a4fade3cddec9ca4d3b99a9a0229ae161e7e915a85d824b844b6d512327
Docker reproduce 9151446 milisegundos. y size  938764111
removing image ghcr.io/chains-project/breaking-updates:18102f7a87e7ab8308a86208d47696c060110d0c-breaking
container already stopped
written to file
created container for ghcr.io/chains-project/breaking-updates:18102f7a87e7ab8308a86208d47696c060110d0c-pre container id 0b1ffe9124ac651c4ace5c3c314d28bb4303ba71e37b26ad144d17b986cc9891
Docker reproduce 983545 milisegundos. y size  974152374
removing image ghcr.io/chains-project/breaking-updates:18102f7a87e7ab8308a86208d47696c060110d0c-pre
container already stopped
created container for ghcr.io/chains-project/breaking-updates:18102f7a87e7ab8308a86208d47696c060110d0c-breaking container id cf4aed116a1c14413e50b53780bd123d348bb318df0e7c306c13ae1ba0f04be4
Docker reproduce 9239283 milisegundos. y size  938764111
removing image ghcr.io/chains-project/breaking-updates:18102f7a87e7ab8308a86208d47696c060110d0c-breaking
container already stopped
written to file
created container for ghcr.io/chains-project/breaking-updates:18102f7a87e7ab8308a86208d47696c060110d0c-pre container id 5e044d59037a76d303c81ea1fab5e5202c9a0e428189a9bc355dc0a43981e018
Docker reproduce 973333 milisegundos. y size  974152374
removing image ghcr.io/chains-project/breaking-updates:18102f7a87e7ab8308a86208d47696c060110d0c-pre
container already stopped
created container for ghcr.io/chains-project/breaking-updates:18102f7a87e7ab8308a86208d47696c060110d0c-breaking container id bac5e17e7cb5c9cdbd18abb0b20271daa2c426020b002378dc6bbfd102f212af
Docker reproduce 9134170 milisegundos. y size  938764111
removing image ghcr.io/chains-project/breaking-updates:18102f7a87e7ab8308a86208d47696c060110d0c-breaking
container already stopped
written to file
created container for ghcr.io/chains-project/breaking-updates:18102f7a87e7ab8308a86208d47696c060110d0c-pre container id 25abecb65c8a9dbde41dba7fa58818b3e42246eef97e575f78b5ffd6e1317e4e
Docker reproduce 960087 milisegundos. y size  974152374
removing image ghcr.io/chains-project/breaking-updates:18102f7a87e7ab8308a86208d47696c060110d0c-pre
container already stopped
created container for ghcr.io/chains-project/breaking-updates:18102f7a87e7ab8308a86208d47696c060110d0c-breaking container id 16a10ffaf7d18697c483fbde278a5b77ed478b6c252a942c00c5b7632efcd3a4
Docker reproduce 9093302 milisegundos. y size  938764111
removing image ghcr.io/chains-project/breaking-updates:18102f7a87e7ab8308a86208d47696c060110d0c-breaking
container already stopped
written to file
created container for ghcr.io/chains-project/breaking-updates:18102f7a87e7ab8308a86208d47696c060110d0c-pre container id dd10e44009eef32630c6e1c74d01d2bd776404203e3828317786d443a8e07790
Docker reproduce 969687 milisegundos. y size  974152374
removing image ghcr.io/chains-project/breaking-updates:18102f7a87e7ab8308a86208d47696c060110d0c-pre
container already stopped
created container for ghcr.io/chains-project/breaking-updates:18102f7a87e7ab8308a86208d47696c060110d0c-breaking container id 6d423c616b700c0da4ca75fb8896825cb8ef684c2e6923a3feb1f7497b170f85
Docker reproduce 9109193 milisegundos. y size  938764111
removing image ghcr.io/chains-project/breaking-updates:18102f7a87e7ab8308a86208d47696c060110d0c-breaking
container already stopped
written to file
created container for ghcr.io/chains-project/breaking-updates:18102f7a87e7ab8308a86208d47696c060110d0c-pre container id 109a68ecc5204e17d3652f4219d794a0fe4f4bbcb77f4d9e925d49cc9c7ebcbf
Docker reproduce 955166 milisegundos. y size  974152374
removing image ghcr.io/chains-project/breaking-updates:18102f7a87e7ab8308a86208d47696c060110d0c-pre
container already stopped
created container for ghcr.io/chains-project/breaking-updates:18102f7a87e7ab8308a86208d47696c060110d0c-breaking container id 514054be7944d65516e8448e942a26fd4a89cf2ab6a8ac4c70db3d5806170c6b
Docker reproduce 9178149 milisegundos. y size  938764111
removing image ghcr.io/chains-project/breaking-updates:18102f7a87e7ab8308a86208d47696c060110d0c-breaking
container already stopped
written to file
created container for ghcr.io/chains-project/breaking-updates:18102f7a87e7ab8308a86208d47696c060110d0c-pre container id 1cb85f81a34e58e2f2dff37ef6b9d95e5ab44ad339fa6478ae34bdfe032da7b7
Docker reproduce 983099 milisegundos. y size  974152374
removing image ghcr.io/chains-project/breaking-updates:18102f7a87e7ab8308a86208d47696c060110d0c-pre
container already stopped
created container for ghcr.io/chains-project/breaking-updates:18102f7a87e7ab8308a86208d47696c060110d0c-breaking container id 04c480fd20f24fe297f4f80b97172e99c44e63c661f4c9ec9d8b3f6de909ecc2
Docker reproduce 9317798 milisegundos. y size  938764111
removing image ghcr.io/chains-project/breaking-updates:18102f7a87e7ab8308a86208d47696c060110d0c-breaking
container already stopped
written to file
